#
# There is insufficient memory for the Java Runtime Environment to continue.
# Native memory allocation (mmap) failed to map 266338304 bytes. Error detail: G1 virtual space
# Possible reasons:
#   The system is out of physical RAM or swap space
#   This process is running with CompressedOops enabled, and the Java Heap may be blocking the growth of the native heap
# Possible solutions:
#   Reduce memory load on the system
#   Increase physical memory or swap space
#   Check if swap backing store is full
#   Decrease Java heap size (-Xmx/-Xms)
#   Decrease number of Java threads
#   Decrease Java thread stack sizes (-Xss)
#   Set larger code cache with -XX:ReservedCodeCacheSize=
#   JVM is running with Zero Based Compressed Oops mode in which the Java heap is
#     placed in the first 32GB address space. The Java Heap base address is the
#     maximum limit for the native heap growth. Please use -XX:HeapBaseMinAddress
#     to set the Java Heap base and to place the Java Heap above 32GB virtual address.
# This output file may be truncated or incomplete.
#
#  Out of Memory Error (os_windows.cpp:3925), pid=22140, tid=12976
#
# JRE version:  (21.0.8) (build )
# Java VM: OpenJDK 64-Bit Server VM (21.0.8+-14196175-b1038.72, mixed mode, sharing, tiered, compressed oops, compressed class ptrs, g1 gc, windows-amd64)
# No core dump will be written. Minidumps are not enabled by default on client versions of Windows
#

---------------  S U M M A R Y ------------

Command Line: -Dorg.gradle.appname=gradlew org.gradle.wrapper.GradleWrapperMain -q -Ptarget-platform=android-arm64 -Ptarget=D:\Devolop_App\movies\lib\main.dart -Pbase-application-name=android.app.Application -Pdart-defines=RkxVVFRFUl9WRVJTSU9OPTMuMzguNQ==,RkxVVFRFUl9DSEFOTkVMPXN0YWJsZQ==,RkxVVFRFUl9HSVRfVVJMPWh0dHBzOi8vZ2l0aHViLmNvbS9mbHV0dGVyL2ZsdXR0ZXIuZ2l0,RkxVVFRFUl9GUkFNRVdPUktfUkVWSVNJT049ZjZmZjE1MjlmZA==,RkxVVFRFUl9FTkdJTkVfUkVWSVNJT049MTUyN2FlMGVjNQ==,RkxVVFRFUl9EQVJUX1ZFUlNJT049My4xMC40 -Pdart-obfuscation=false -Ptrack-widget-creation=true -Ptree-shake-icons=false -Pfilesystem-scheme=org-dartlang-root assembleDebug

Host: Intel(R) Core(TM) i7-8650U CPU @ 1.90GHz, 8 cores, 15G,  Windows 11 , 64 bit Build 26100 (10.0.26100.7309)
Time: Sat Jan  3 11:41:23 2026 Pacific Standard Time elapsed time: 1.133979 seconds (0d 0h 0m 1s)

---------------  T H R E A D  ---------------

Current thread (0x000002ba0fa14960):  JavaThread "Unknown thread" [_thread_in_vm, id=12976, stack(0x000000ddc1700000,0x000000ddc1800000) (1024K)]

Stack: [0x000000ddc1700000,0x000000ddc1800000]
Native frames: (J=compiled Java code, j=interpreted, Vv=VM code, C=native code)
V  [jvm.dll+0x6d68d9]
V  [jvm.dll+0x866693]
V  [jvm.dll+0x868c4e]
V  [jvm.dll+0x869333]
V  [jvm.dll+0x280566]
V  [jvm.dll+0x6d3195]
V  [jvm.dll+0x6c69ea]
V  [jvm.dll+0x3586db]
V  [jvm.dll+0x360336]
V  [jvm.dll+0x3b23f6]
V  [jvm.dll+0x3b26c8]
V  [jvm.dll+0x32ae6c]
V  [jvm.dll+0x32bb5b]
V  [jvm.dll+0x82e109]
V  [jvm.dll+0x3bf5c8]
V  [jvm.dll+0x817388]
V  [jvm.dll+0x453b6e]
V  [jvm.dll+0x4552d1]
C  [jli.dll+0x52ab]
C  [ucrtbase.dll+0x37b0]
C  [KERNEL32.DLL+0x2e8d7]
C  [ntdll.dll+0x8c53c]


---------------  P R O C E S S  ---------------

Threads class SMR info:
_java_thread_list=0x00007ffaaf28b988, length=0, elements={
}

Java Threads: ( => current thread )
Total: 0

Other Threads:
  0x000002ba0ff63ef0 WorkerThread "GC Thread#0"                     [id=11896, stack(0x000000ddc1800000,0x000000ddc1900000) (1024K)]
  0x000002ba0ff74bb0 ConcurrentGCThread "G1 Main Marker"            [id=2228, stack(0x000000ddc1900000,0x000000ddc1a00000) (1024K)]
  0x000002ba0ff76400 WorkerThread "G1 Conc#0"                       [id=12500, stack(0x000000ddc1a00000,0x000000ddc1b00000) (1024K)]

[error occurred during error reporting (printing all threads), id 0xc0000005, EXCEPTION_ACCESS_VIOLATION (0xc0000005) at pc=0x00007ffaaea7ddd7]
VM state: not at safepoint (not fully initialized)

VM Mutex/Monitor currently owned by a thread:  ([mutex/lock_event])
[0x00007ffaaf2f86b8] Heap_lock - owner thread: 0x000002ba0fa14960

Heap address: 0x0000000702200000, size: 4062 MB, Compressed Oops mode: Zero based, Oop shift amount: 3

CDS archive(s) mapped at: [0x0000000000000000-0x0000000000000000-0x0000000000000000), size 0, SharedBaseAddress: 0x0000000800000000, ArchiveRelocationMode: 1.
Narrow klass base: 0x0000000000000000, Narrow klass shift: 0, Narrow klass range: 0x0

GC Precious Log:
 CardTable entry size: 512
 Card Set container configuration: InlinePtr #cards 4 size 8 Array Of Cards #cards 16 size 48 Howl #buckets 8 coarsen threshold 3686 Howl Bitmap #cards 512 size 80 coarsen threshold 460 Card regions per heap region 1 cards per card region 4096

Heap:
 garbage-first heap   total 0K, used 0K [0x0000000702200000, 0x0000000800000000)
  region size 2048K, 0 young (0K), 0 survivors (0K)
 Metaspace       used 0K, committed 0K, reserved 0K
  class space    used 0K, committed 0K, reserved 0K

Heap Regions: E=young(eden), S=young(survivor), O=old, HS=humongous(starts), HC=humongous(continues), CS=collection set, F=free, TAMS=top-at-mark-start, PB=parsable bottom

Card table byte_map: [0x000002ba248f0000,0x000002ba250e0000] _byte_map_base: 0x000002ba210df000

Marking Bits: (CMBitMap*) 0x000002ba0ff64500
 Bits: [0x000002ba250e0000, 0x000002ba29058000)

GC Heap History (0 events):
No events

Dll operation events (1 events):
Event: 0.018 Loaded shared library C:\Program Files\Android\Android Studio\jbr\bin\java.dll

Deoptimization events (0 events):
No events

Classes loaded (0 events):
No events

Classes unloaded (0 events):
No events

Classes redefined (0 events):
No events

Internal exceptions (0 events):
No events

ZGC Phase Switch (0 events):
No events

VM Operations (0 events):
No events

Memory protections (0 events):
No events

Nmethod flushes (0 events):
No events

Events (0 events):
No events


Dynamic libraries:
0x00007ff7e9510000 - 0x00007ff7e951a000 	C:\Program Files\Android\Android Studio\jbr\bin\java.exe
0x00007ffb353e0000 - 0x00007ffb35647000 	C:\WINDOWS\SYSTEM32\ntdll.dll
0x00007ffb348d0000 - 0x00007ffb34999000 	C:\WINDOWS\System32\KERNEL32.DLL
0x00007ffb32810000 - 0x00007ffb32bff000 	C:\WINDOWS\System32\KERNELBASE.dll
0x00007ffb32c10000 - 0x00007ffb32d5b000 	C:\WINDOWS\System32\ucrtbase.dll
0x00007ffb06d40000 - 0x00007ffb06d58000 	C:\Program Files\Android\Android Studio\jbr\bin\jli.dll
0x00007ffb349b0000 - 0x00007ffb34b75000 	C:\WINDOWS\System32\USER32.dll
0x00007ffb32750000 - 0x00007ffb32777000 	C:\WINDOWS\System32\win32u.dll
0x00007ffb06820000 - 0x00007ffb0683b000 	C:\Program Files\Android\Android Studio\jbr\bin\VCRUNTIME140.dll
0x00007ffb1bd90000 - 0x00007ffb1c023000 	C:\WINDOWS\WinSxS\amd64_microsoft.windows.common-controls_6595b64144ccf1df_6.0.26100.7309_none_3e05feeae336a044\COMCTL32.dll
0x00007ffb34d40000 - 0x00007ffb34d6b000 	C:\WINDOWS\System32\GDI32.dll
0x00007ffb33cf0000 - 0x00007ffb33d99000 	C:\WINDOWS\System32\msvcrt.dll
0x00007ffb32d60000 - 0x00007ffb32e8c000 	C:\WINDOWS\System32\gdi32full.dll
0x00007ffb32e90000 - 0x00007ffb32f33000 	C:\WINDOWS\System32\msvcp_win.dll
0x00007ffb33f80000 - 0x00007ffb33fb1000 	C:\WINDOWS\System32\IMM32.DLL
0x00007ffb30100000 - 0x00007ffb3010c000 	C:\Program Files\Android\Android Studio\jbr\bin\vcruntime140_1.dll
0x00007fface5e0000 - 0x00007fface66d000 	C:\Program Files\Android\Android Studio\jbr\bin\msvcp140.dll
0x00007ffaae740000 - 0x00007ffaaf3d6000 	C:\Program Files\Android\Android Studio\jbr\bin\server\jvm.dll
0x00007ffb34f90000 - 0x00007ffb35044000 	C:\WINDOWS\System32\ADVAPI32.dll
0x00007ffb34ee0000 - 0x00007ffb34f86000 	C:\WINDOWS\System32\sechost.dll
0x00007ffb33b20000 - 0x00007ffb33c38000 	C:\WINDOWS\System32\RPCRT4.dll
0x00007ffb350b0000 - 0x00007ffb35124000 	C:\WINDOWS\System32\WS2_32.dll
0x00007ffb323b0000 - 0x00007ffb3240e000 	C:\WINDOWS\SYSTEM32\POWRPROF.dll
0x00007ffb30070000 - 0x00007ffb3007b000 	C:\WINDOWS\SYSTEM32\VERSION.dll
0x00007ffb1c0d0000 - 0x00007ffb1c105000 	C:\WINDOWS\SYSTEM32\WINMM.dll
0x00007ffb32370000 - 0x00007ffb32384000 	C:\WINDOWS\SYSTEM32\UMPDC.dll
0x00007ffb312e0000 - 0x00007ffb312fb000 	C:\WINDOWS\SYSTEM32\kernel.appcore.dll
0x00007ffb27fa0000 - 0x00007ffb27faa000 	C:\Program Files\Android\Android Studio\jbr\bin\jimage.dll
0x00007ffb2c080000 - 0x00007ffb2c2c2000 	C:\WINDOWS\SYSTEM32\DBGHELP.DLL
0x00007ffb33690000 - 0x00007ffb33a15000 	C:\WINDOWS\System32\combase.dll
0x00007ffb347f0000 - 0x00007ffb348c6000 	C:\WINDOWS\System32\OLEAUT32.dll
0x00007ffb0d060000 - 0x00007ffb0d09c000 	C:\WINDOWS\SYSTEM32\dbgcore.DLL
0x00007ffb326a0000 - 0x00007ffb32745000 	C:\WINDOWS\System32\bcryptPrimitives.dll
0x00007ffadeaa0000 - 0x00007ffadeac0000 	C:\Program Files\Android\Android Studio\jbr\bin\java.dll

JVMTI agents: none

dbghelp: loaded successfully - version: 4.0.5 - missing functions: none
symbol engine: initialized successfully - sym options: 0x614 - pdb path: .;C:\Program Files\Android\Android Studio\jbr\bin;C:\WINDOWS\SYSTEM32;C:\WINDOWS\WinSxS\amd64_microsoft.windows.common-controls_6595b64144ccf1df_6.0.26100.7309_none_3e05feeae336a044;C:\Program Files\Android\Android Studio\jbr\bin\server

VM Arguments:
jvm_args: -Dorg.gradle.appname=gradlew 
java_command: org.gradle.wrapper.GradleWrapperMain -q -Ptarget-platform=android-arm64 -Ptarget=D:\Devolop_App\movies\lib\main.dart -Pbase-application-name=android.app.Application -Pdart-defines=RkxVVFRFUl9WRVJTSU9OPTMuMzguNQ==,RkxVVFRFUl9DSEFOTkVMPXN0YWJsZQ==,RkxVVFRFUl9HSVRfVVJMPWh0dHBzOi8vZ2l0aHViLmNvbS9mbHV0dGVyL2ZsdXR0ZXIuZ2l0,RkxVVFRFUl9GUkFNRVdPUktfUkVWSVNJT049ZjZmZjE1MjlmZA==,RkxVVFRFUl9FTkdJTkVfUkVWSVNJT049MTUyN2FlMGVjNQ==,RkxVVFRFUl9EQVJUX1ZFUlNJT049My4xMC40 -Pdart-obfuscation=false -Ptrack-widget-creation=true -Ptree-shake-icons=false -Pfilesystem-scheme=org-dartlang-root assembleDebug
java_class_path (initial): D:\Devolop_App\movies\android\\gradle\wrapper\gradle-wrapper.jar
Launcher Type: SUN_STANDARD

[Global flags]
     intx CICompilerCount                          = 4                                         {product} {ergonomic}
     uint ConcGCThreads                            = 2                                         {product} {ergonomic}
     uint G1ConcRefinementThreads                  = 8                                         {product} {ergonomic}
   size_t G1HeapRegionSize                         = 2097152                                   {product} {ergonomic}
    uintx GCDrainStackTargetSize                   = 64                                        {product} {ergonomic}
   size_t InitialHeapSize                          = 266338304                                 {product} {ergonomic}
   size_t MarkStackSize                            = 4194304                                   {product} {ergonomic}
   size_t MaxHeapSize                              = 4259315712                                {product} {ergonomic}
   size_t MinHeapDeltaBytes                        = 2097152                                   {product} {ergonomic}
   size_t MinHeapSize                              = 8388608                                   {product} {ergonomic}
    uintx NonNMethodCodeHeapSize                   = 5839372                                {pd product} {ergonomic}
    uintx NonProfiledCodeHeapSize                  = 122909434                              {pd product} {ergonomic}
    uintx ProfiledCodeHeapSize                     = 122909434                              {pd product} {ergonomic}
    uintx ReservedCodeCacheSize                    = 251658240                              {pd product} {ergonomic}
     bool SegmentedCodeCache                       = true                                      {product} {ergonomic}
   size_t SoftMaxHeapSize                          = 4259315712                             {manageable} {ergonomic}
     bool UseCompressedOops                        = true                           {product lp64_product} {ergonomic}
     bool UseG1GC                                  = true                                      {product} {ergonomic}
     bool UseLargePagesIndividualAllocation        = false                                  {pd product} {ergonomic}

Logging:
Log output configuration:
 #0: stdout all=warning uptime,level,tags foldmultilines=false
 #1: stderr all=off uptime,level,tags foldmultilines=false

Environment Variables:
JAVA_HOME=C:\Program Files\Android\Android Studio\jbr
CLASSPATH=D:\Devolop_App\movies\android\\gradle\wrapper\gradle-wrapper.jar
PATH=C:\Program Files\Android\Android Studio\jbr\bin;C:\Program Files\Common Files\Oracle\Java\javapath;C:\Program Files (x86)\Common Files\Oracle\Java\java8path;C:\Program Files (x86)\Common Files\Oracle\Java\javapath;C:\WINDOWS\system32;C:\WINDOWS;C:\WINDOWS\System32\Wbem;C:\WINDOWS\System32\WindowsPowerShell\v1.0\;C:\WINDOWS\System32\OpenSSH\;C:\Flutter\bin;C:\Android-sdk;C:\Program Files (x86)\Windows Kits\10\Windows Performance Toolkit\;C:\Program Files\Git\cmd;C:\Program Files\MATLAB\R2013a\runtime\win64;C:\Program Files\MATLAB\R2013a\bin;C:\Users\M O S A\AppData\Local\Microsoft\WindowsApps;C:\Users\M O S A\AppData\Local\Programs\Microsoft VS Code Insiders\bin;C:\Users\M O S A\AppData\Local\Programs\Microsoft VS Code\bin;C:\Users\M O S A\AppData\Local\Programs\Antigravity\bin;C:\Flutter\bin\mingit\cmd;C:\Flutter\bin\mingit\cmd
USERNAME=M O S A
OS=Windows_NT
PROCESSOR_IDENTIFIER=Intel64 Family 6 Model 142 Stepping 10, GenuineIntel
TMP=C:\Users\MOSA~1\AppData\Local\Temp
TEMP=C:\Users\MOSA~1\AppData\Local\Temp




Periodic native trim disabled

JNI global refs:
JNI global refs: 0, weak refs: 0

JNI global refs memory usage: 0, weak refs: 0

Process memory usage:
Resident Set Size: 12824K (0% of 16632236K total physical memory with 823488K free physical memory)

OOME stack traces (most recent first):
Classloader memory used:

---------------  S Y S T E M  ---------------

OS:
 Windows 11 , 64 bit Build 26100 (10.0.26100.7309)
OS uptime: 4 days 9:46 hours

CPU: total 8 (initial active 8) (4 cores per cpu, 2 threads per core) family 6 model 142 stepping 10 microcode 0xf4, cx8, cmov, fxsr, ht, mmx, 3dnowpref, sse, sse2, sse3, ssse3, sse4.1, sse4.2, popcnt, lzcnt, tsc, tscinvbit, avx, avx2, aes, erms, clmul, bmi1, bmi2, rtm, adx, fma, vzeroupper, clflush, clflushopt, rdtscp, f16c
Processor Information for the first 8 processors :
  Max Mhz: 2112, Current Mhz: 1910, Mhz Limit: 1900

Memory: 4k page, system-wide physical 16242M (804M free)
TotalPageFile size 32242M (AvailPageFile size 237M)
current process WorkingSet (physical memory assigned to process): 12M, peak: 12M
current process commit charge ("private bytes"): 60M, peak: 314M

vm_info: OpenJDK 64-Bit Server VM (21.0.8+-14196175-b1038.72) for windows-amd64 JRE (21.0.8+-14196175-b1038.72), built on 2025-10-01T10:24:33Z by "builder" with MS VC++ 16.10 / 16.11 (VS2019)

END.
